[debug] [2025-07-22T17:48:43.262Z] ----------------------------------------------------------------------
[debug] [2025-07-22T17:48:43.263Z] Command:       /opt/homebrew/Cellar/node@20/20.19.2/bin/node /opt/homebrew/bin/firebase apps:sdkconfig web 1:776858738694:web:0b6f7545f985239eb12387 --project superb-gear-466714-q2
[debug] [2025-07-22T17:48:43.264Z] CLI Version:   14.7.0
[debug] [2025-07-22T17:48:43.264Z] Platform:      darwin
[debug] [2025-07-22T17:48:43.264Z] Node Version:  v20.19.2
[debug] [2025-07-22T17:48:43.264Z] Time:          Tue Jul 22 2025 12:48:43 GMT-0500 (Central Daylight Time)
[debug] [2025-07-22T17:48:43.264Z] ----------------------------------------------------------------------
[debug] 
[debug] [2025-07-22T17:48:43.265Z] >>> [apiv2][query] GET https://firebase-public.firebaseio.com/cli.json [none]
[debug] [2025-07-22T17:48:43.277Z] > command requires scopes: ["email","openid","https://www.googleapis.com/auth/cloudplatformprojects.readonly","https://www.googleapis.com/auth/firebase","https://www.googleapis.com/auth/cloud-platform"]
[debug] [2025-07-22T17:48:43.277Z] > authorizing via signed-in user (ryan@anava.ai)
[debug] [2025-07-22T17:48:43.278Z] Checked if tokens are valid: false, expires at: 1751403663599
[debug] [2025-07-22T17:48:43.278Z] Checked if tokens are valid: false, expires at: 1751403663599
[debug] [2025-07-22T17:48:43.278Z] > refreshing access token with scopes: []
[debug] [2025-07-22T17:48:43.279Z] >>> [apiv2][query] POST https://www.googleapis.com/oauth2/v3/token [none]
[debug] [2025-07-22T17:48:43.279Z] >>> [apiv2][body] POST https://www.googleapis.com/oauth2/v3/token [omitted]
[debug] [2025-07-22T17:48:43.442Z] <<< [apiv2][status] POST https://www.googleapis.com/oauth2/v3/token 400
[debug] [2025-07-22T17:48:43.442Z] <<< [apiv2][body] POST https://www.googleapis.com/oauth2/v3/token [omitted]
[error] Authentication Error: Your credentials are no longer valid. Please run firebase login --reauth

For CI servers and headless environments, generate a new token with firebase login:ci
[error] Authentication Error: Your credentials are no longer valid. Please run firebase login --reauth

For CI servers and headless environments, generate a new token with firebase login:ci
[debug] [2025-07-22T17:48:43.443Z] Authentication Error: Your credentials are no longer valid. Please run firebase login --reauth

For CI servers and headless environments, generate a new token with firebase login:ci
[debug] [2025-07-22T17:48:43.454Z] <<< [apiv2][status] GET https://firebase-public.firebaseio.com/cli.json 200
[debug] [2025-07-22T17:48:43.454Z] <<< [apiv2][body] GET https://firebase-public.firebaseio.com/cli.json {"cloudBuildErrorAfter":1594252800000,"cloudBuildWarnAfter":1590019200000,"defaultNode10After":1594252800000,"minVersion":"3.0.5","node8DeploysDisabledAfter":1613390400000,"node8RuntimeDisabledAfter":1615809600000,"node8WarnAfter":1600128000000}
[debug] [2025-07-22T17:48:43.545Z] FirebaseError: Authentication Error: Your credentials are no longer valid. Please run firebase login --reauth

For CI servers and headless environments, generate a new token with firebase login:ci
    at invalidCredentialError (/opt/homebrew/lib/node_modules/firebase-tools/lib/auth.js:167:12)
    at refreshTokens (/opt/homebrew/lib/node_modules/firebase-tools/lib/auth.js:556:15)
    at process.processTicksAndRejections (node:internal/process/task_queues:95:5)
    at async getAccessToken (/opt/homebrew/lib/node_modules/firebase-tools/lib/apiv2.js:42:18)
    at async Client.addAuthHeader (/opt/homebrew/lib/node_modules/firebase-tools/lib/apiv2.js:169:21)
    at async Client.request (/opt/homebrew/lib/node_modules/firebase-tools/lib/apiv2.js:120:34)
    at async getAppConfig (/opt/homebrew/lib/node_modules/firebase-tools/lib/management/apps.js:429:26)
    at async Command.actionFn (/opt/homebrew/lib/node_modules/firebase-tools/lib/commands/apps-sdkconfig.js:69:22)
[error] 
[error] Error: Failed to get WEB app configuration. See firebase-debug.log for more info.
